build/intermediates/manifest_merge_blame_file/debug/manifest-merger-blame-debug-report.txt
1<?xml version="1.0" encoding="utf-8"?>
2<manifest xmlns:android="http://schemas.android.com/apk/res/android"
3    package="org.tensorflow.lite.examples.detection"
4    android:versionCode="1"
5    android:versionName="1.0" >
6
7    <uses-sdk
7-->src/main/AndroidManifest.xml:4:5-17
8        android:minSdkVersion="21"
8-->src/main/AndroidManifest.xml:4:5-17
9        android:targetSdkVersion="28" />
9-->src/main/AndroidManifest.xml:4:5-17
10
11    <uses-permission android:name="android.permission.CAMERA" />
11-->src/main/AndroidManifest.xml:6:5-65
11-->src/main/AndroidManifest.xml:6:22-62
12
13    <uses-feature android:name="android.hardware.camera" />
13-->src/main/AndroidManifest.xml:8:5-60
13-->src/main/AndroidManifest.xml:8:19-57
14    <uses-feature android:name="android.hardware.camera.autofocus" />
14-->src/main/AndroidManifest.xml:9:5-70
14-->src/main/AndroidManifest.xml:9:19-67
15
16    <uses-permission android:name="android.permission.WRITE_EXTERNAL_STORAGE" />
16-->src/main/AndroidManifest.xml:10:5-80
16-->src/main/AndroidManifest.xml:10:22-78
17    <uses-permission android:name="android.permission.READ_EXTERNAL_STORAGE" />
17-->src/main/AndroidManifest.xml:11:5-79
17-->src/main/AndroidManifest.xml:11:22-77
18
19    <application
19-->src/main/AndroidManifest.xml:13:5-34:19
20        android:allowBackup="false"
20-->src/main/AndroidManifest.xml:14:9-36
21        android:appComponentFactory="androidx.core.app.CoreComponentFactory"
21-->[androidx.core:core:1.1.0] AndroidManifest.xml:24:18-86
22        android:debuggable="true"
23        android:icon="@mipmap/ic_launcher"
23-->src/main/AndroidManifest.xml:15:9-43
24        android:label="@string/tfe_od_app_name"
24-->src/main/AndroidManifest.xml:16:9-48
25        android:roundIcon="@mipmap/ic_launcher_round"
25-->src/main/AndroidManifest.xml:17:9-54
26        android:supportsRtl="true"
26-->src/main/AndroidManifest.xml:18:9-35
27        android:testOnly="true"
28        android:theme="@style/AppTheme.ObjectDetection" >
28-->src/main/AndroidManifest.xml:19:9-56
29        <activity
29-->src/main/AndroidManifest.xml:21:9-25:20
30            android:name="org.tensorflow.lite.examples.detection.DetectorActivity"
30-->src/main/AndroidManifest.xml:22:13-45
31            android:label="@string/tfe_od_app_name"
31-->src/main/AndroidManifest.xml:23:13-52
32            android:screenOrientation="portrait" >
32-->src/main/AndroidManifest.xml:24:13-49
33        </activity>
34        <activity android:name="org.tensorflow.lite.examples.detection.MainActivity" >
34-->src/main/AndroidManifest.xml:27:9-32:20
34-->src/main/AndroidManifest.xml:27:19-47
35            <intent-filter>
35-->src/main/AndroidManifest.xml:28:13-31:29
36                <action android:name="android.intent.action.MAIN" />
36-->src/main/AndroidManifest.xml:29:17-69
36-->src/main/AndroidManifest.xml:29:25-66
37
38                <category android:name="android.intent.category.LAUNCHER" />
38-->src/main/AndroidManifest.xml:30:17-77
38-->src/main/AndroidManifest.xml:30:27-74
39            </intent-filter>
40        </activity>
41    </application>
42
43</manifest>